D, [2016-05-16T23:43:40.352506 #13778] DEBUG -- :   [1m[36m (9.5ms)[0m  [1mCREATE TABLE "schema_migrations" ("version" varchar NOT NULL) [0m
D, [2016-05-16T23:43:40.457157 #13778] DEBUG -- :   [1m[35m (101.1ms)[0m  select sqlite_version(*)
D, [2016-05-16T23:43:40.469142 #13778] DEBUG -- :   [1m[36m (11.0ms)[0m  [1mCREATE UNIQUE INDEX "unique_schema_migrations" ON "schema_migrations" ("version")[0m
D, [2016-05-16T23:43:40.471725 #13778] DEBUG -- :   [1m[35mActiveRecord::SchemaMigration Load (0.2ms)[0m  SELECT "schema_migrations".* FROM "schema_migrations"
I, [2016-05-16T23:43:40.517126 #13778]  INFO -- : Migrating to CreatePartidos (20160506172451)
D, [2016-05-16T23:43:40.527998 #13778] DEBUG -- :   [1m[36m (8.4ms)[0m  [1mbegin transaction[0m
D, [2016-05-16T23:43:40.533904 #13778] DEBUG -- :   [1m[35m (3.9ms)[0m  CREATE TABLE "partidos" ("id" INTEGER PRIMARY KEY AUTOINCREMENT NOT NULL, "nome" varchar, "descricao" varchar, "sigla" varchar, "numero_politicos" integer, "created_at" datetime NOT NULL, "updated_at" datetime NOT NULL) 
D, [2016-05-16T23:43:40.671470 #13778] DEBUG -- :   [1m[36mSQL (115.6ms)[0m  [1mINSERT INTO "schema_migrations" ("version") VALUES (?)[0m  [["version", "20160506172451"]]
D, [2016-05-16T23:43:40.717254 #13778] DEBUG -- :   [1m[35m (14.1ms)[0m  commit transaction
I, [2016-05-16T23:43:40.717382 #13778]  INFO -- : Migrating to CreatePoliticos (20160506172644)
D, [2016-05-16T23:43:40.719472 #13778] DEBUG -- :   [1m[36m (0.1ms)[0m  [1mbegin transaction[0m
D, [2016-05-16T23:43:40.722188 #13778] DEBUG -- :   [1m[35m (2.1ms)[0m  CREATE TABLE "politicos" ("id" INTEGER PRIMARY KEY AUTOINCREMENT NOT NULL, "nome" varchar, "idade" integer, "estado" varchar, "cidade" varchar, "municipio" varchar, "partido_id" integer, "cargo_eleito" varchar, "cargo_atual" varchar, "status" varchar, "created_at" datetime NOT NULL, "updated_at" datetime NOT NULL) 
D, [2016-05-16T23:43:40.722739 #13778] DEBUG -- :   [1m[36m (0.1ms)[0m  [1mCREATE  INDEX "index_politicos_on_partido_id" ON "politicos" ("partido_id")[0m
D, [2016-05-16T23:43:40.723711 #13778] DEBUG -- :   [1m[35mSQL (0.1ms)[0m  INSERT INTO "schema_migrations" ("version") VALUES (?)  [["version", "20160506172644"]]
D, [2016-05-16T23:43:40.733735 #13778] DEBUG -- :   [1m[36m (9.8ms)[0m  [1mcommit transaction[0m
I, [2016-05-16T23:43:40.733856 #13778]  INFO -- : Migrating to CreateAcontecimentos (20160506172734)
D, [2016-05-16T23:43:40.734667 #13778] DEBUG -- :   [1m[35m (0.1ms)[0m  begin transaction
D, [2016-05-16T23:43:40.735748 #13778] DEBUG -- :   [1m[36m (0.3ms)[0m  [1mCREATE TABLE "acontecimentos" ("id" INTEGER PRIMARY KEY AUTOINCREMENT NOT NULL, "titulo" varchar, "descricao" varchar, "link" varchar, "politico_id" integer, "created_at" datetime NOT NULL, "updated_at" datetime NOT NULL) [0m
D, [2016-05-16T23:43:40.736324 #13778] DEBUG -- :   [1m[35m (0.1ms)[0m  CREATE  INDEX "index_acontecimentos_on_politico_id" ON "acontecimentos" ("politico_id")
D, [2016-05-16T23:43:40.737269 #13778] DEBUG -- :   [1m[36mSQL (0.1ms)[0m  [1mINSERT INTO "schema_migrations" ("version") VALUES (?)[0m  [["version", "20160506172734"]]
D, [2016-05-16T23:43:40.748888 #13778] DEBUG -- :   [1m[35m (11.4ms)[0m  commit transaction
I, [2016-05-16T23:43:40.749050 #13778]  INFO -- : Migrating to AddLegendaToPartido (20160506173316)
D, [2016-05-16T23:43:40.749808 #13778] DEBUG -- :   [1m[36m (0.1ms)[0m  [1mbegin transaction[0m
D, [2016-05-16T23:43:40.750668 #13778] DEBUG -- :   [1m[35m (0.4ms)[0m  ALTER TABLE "partidos" ADD "Partido" varchar
D, [2016-05-16T23:43:40.751163 #13778] DEBUG -- :   [1m[36m (0.2ms)[0m  [1mALTER TABLE "partidos" ADD "legenda" integer[0m
D, [2016-05-16T23:43:40.752100 #13778] DEBUG -- :   [1m[35mSQL (0.1ms)[0m  INSERT INTO "schema_migrations" ("version") VALUES (?)  [["version", "20160506173316"]]
D, [2016-05-16T23:43:40.762052 #13778] DEBUG -- :   [1m[36m (9.7ms)[0m  [1mcommit transaction[0m
I, [2016-05-16T23:43:40.762133 #13778]  INFO -- : Migrating to RemovePartidoFromPartidos (20160506174037)
D, [2016-05-16T23:43:40.762785 #13778] DEBUG -- :   [1m[35m (0.1ms)[0m  begin transaction
D, [2016-05-16T23:43:40.787046 #13778] DEBUG -- :   [1m[36m (23.0ms)[0m  [1mCREATE TEMPORARY TABLE "apartidos" ("id" INTEGER PRIMARY KEY AUTOINCREMENT NOT NULL, "nome" varchar, "descricao" varchar, "sigla" varchar, "numero_politicos" integer, "created_at" datetime NOT NULL, "updated_at" datetime NOT NULL, "Partido" varchar, "legenda" integer) [0m
D, [2016-05-16T23:43:40.789540 #13778] DEBUG -- :   [1m[35m (0.1ms)[0m  SELECT * FROM "partidos"
D, [2016-05-16T23:43:40.789992 #13778] DEBUG -- :   [1m[36m (0.3ms)[0m  [1mDROP TABLE "partidos"[0m
D, [2016-05-16T23:43:40.793113 #13778] DEBUG -- :   [1m[35m (0.9ms)[0m  CREATE TABLE "partidos" ("id" INTEGER PRIMARY KEY AUTOINCREMENT NOT NULL, "nome" varchar, "descricao" varchar, "sigla" varchar, "numero_politicos" integer, "created_at" datetime NOT NULL, "updated_at" datetime NOT NULL, "legenda" integer) 
D, [2016-05-16T23:43:40.794068 #13778] DEBUG -- :   [1m[36m (0.1ms)[0m  [1mSELECT * FROM "apartidos"[0m
D, [2016-05-16T23:43:40.795704 #13778] DEBUG -- :   [1m[35m (1.5ms)[0m  DROP TABLE "apartidos"
D, [2016-05-16T23:43:40.797463 #13778] DEBUG -- :   [1m[36mSQL (0.8ms)[0m  [1mINSERT INTO "schema_migrations" ("version") VALUES (?)[0m  [["version", "20160506174037"]]
D, [2016-05-16T23:43:40.812971 #13778] DEBUG -- :   [1m[35m (15.2ms)[0m  commit transaction
I, [2016-05-16T23:43:40.813069 #13778]  INFO -- : Migrating to DeviseCreateUsers (20160509181350)
D, [2016-05-16T23:43:40.824117 #13778] DEBUG -- :   [1m[36m (5.5ms)[0m  [1mbegin transaction[0m
D, [2016-05-16T23:43:40.853228 #13778] DEBUG -- :   [1m[35m (28.3ms)[0m  CREATE TABLE "users" ("id" INTEGER PRIMARY KEY AUTOINCREMENT NOT NULL, "email" varchar DEFAULT '' NOT NULL, "encrypted_password" varchar DEFAULT '' NOT NULL, "reset_password_token" varchar, "reset_password_sent_at" datetime, "remember_created_at" datetime, "sign_in_count" integer DEFAULT 0 NOT NULL, "current_sign_in_at" datetime, "last_sign_in_at" datetime, "current_sign_in_ip" varchar, "last_sign_in_ip" varchar, "created_at" datetime NOT NULL, "updated_at" datetime NOT NULL) 
D, [2016-05-16T23:43:40.878846 #13778] DEBUG -- :   [1m[36m (24.0ms)[0m  [1mCREATE UNIQUE INDEX "index_users_on_email" ON "users" ("email")[0m
D, [2016-05-16T23:43:40.879618 #13778] DEBUG -- :   [1m[35m (0.1ms)[0m              SELECT sql
            FROM sqlite_master
            WHERE name='index_users_on_email' AND type='index'
            UNION ALL
            SELECT sql
            FROM sqlite_temp_master
            WHERE name='index_users_on_email' AND type='index'

D, [2016-05-16T23:43:40.880850 #13778] DEBUG -- :   [1m[36m (0.9ms)[0m  [1mCREATE UNIQUE INDEX "index_users_on_reset_password_token" ON "users" ("reset_password_token")[0m
D, [2016-05-16T23:43:40.882026 #13778] DEBUG -- :   [1m[35mSQL (0.2ms)[0m  INSERT INTO "schema_migrations" ("version") VALUES (?)  [["version", "20160509181350"]]
D, [2016-05-16T23:43:40.893281 #13778] DEBUG -- :   [1m[36m (11.0ms)[0m  [1mcommit transaction[0m
I, [2016-05-16T23:43:40.893386 #13778]  INFO -- : Migrating to AddColumnsToUsers (20160509195850)
D, [2016-05-16T23:43:40.895274 #13778] DEBUG -- :   [1m[35m (0.1ms)[0m  begin transaction
D, [2016-05-16T23:43:40.896053 #13778] DEBUG -- :   [1m[36m (0.5ms)[0m  [1mALTER TABLE "users" ADD "provider" varchar[0m
D, [2016-05-16T23:43:40.896464 #13778] DEBUG -- :   [1m[35m (0.2ms)[0m  ALTER TABLE "users" ADD "uid" varchar
D, [2016-05-16T23:43:40.897274 #13778] DEBUG -- :   [1m[36mSQL (0.1ms)[0m  [1mINSERT INTO "schema_migrations" ("version") VALUES (?)[0m  [["version", "20160509195850"]]
D, [2016-05-16T23:43:40.905297 #13778] DEBUG -- :   [1m[35m (7.8ms)[0m  commit transaction
I, [2016-05-16T23:43:40.905380 #13778]  INFO -- : Migrating to ActsAsVotableMigration (20160509212319)
D, [2016-05-16T23:43:40.909225 #13778] DEBUG -- :   [1m[36m (0.8ms)[0m  [1mbegin transaction[0m
D, [2016-05-16T23:43:40.910715 #13778] DEBUG -- :   [1m[35m (0.5ms)[0m  CREATE TABLE "votes" ("id" INTEGER PRIMARY KEY AUTOINCREMENT NOT NULL, "votable_id" integer, "votable_type" varchar, "voter_id" integer, "voter_type" varchar, "vote_flag" boolean, "vote_scope" varchar, "vote_weight" integer, "created_at" datetime, "updated_at" datetime) 
D, [2016-05-16T23:43:40.911351 #13778] DEBUG -- :   [1m[36m (0.1ms)[0m  [1mCREATE  INDEX "index_votes_on_voter_id_and_voter_type_and_vote_scope" ON "votes" ("voter_id", "voter_type", "vote_scope")[0m
D, [2016-05-16T23:43:40.912011 #13778] DEBUG -- :   [1m[35m (0.1ms)[0m              SELECT sql
            FROM sqlite_master
            WHERE name='index_votes_on_voter_id_and_voter_type_and_vote_scope' AND type='index'
            UNION ALL
            SELECT sql
            FROM sqlite_temp_master
            WHERE name='index_votes_on_voter_id_and_voter_type_and_vote_scope' AND type='index'

D, [2016-05-16T23:43:40.912495 #13778] DEBUG -- :   [1m[36m (0.2ms)[0m  [1mCREATE  INDEX "index_votes_on_votable_id_and_votable_type_and_vote_scope" ON "votes" ("votable_id", "votable_type", "vote_scope")[0m
D, [2016-05-16T23:43:40.913201 #13778] DEBUG -- :   [1m[35mSQL (0.1ms)[0m  INSERT INTO "schema_migrations" ("version") VALUES (?)  [["version", "20160509212319"]]
D, [2016-05-16T23:43:40.922149 #13778] DEBUG -- :   [1m[36m (8.8ms)[0m  [1mcommit transaction[0m
I, [2016-05-16T23:43:40.922223 #13778]  INFO -- : Migrating to AddAdminToUsers (20160509213158)
D, [2016-05-16T23:43:40.922851 #13778] DEBUG -- :   [1m[35m (0.1ms)[0m  begin transaction
D, [2016-05-16T23:43:40.923528 #13778] DEBUG -- :   [1m[36m (0.4ms)[0m  [1mALTER TABLE "users" ADD "admin" boolean[0m
D, [2016-05-16T23:43:40.924250 #13778] DEBUG -- :   [1m[35mSQL (0.1ms)[0m  INSERT INTO "schema_migrations" ("version") VALUES (?)  [["version", "20160509213158"]]
D, [2016-05-16T23:43:40.933544 #13778] DEBUG -- :   [1m[36m (9.0ms)[0m  [1mcommit transaction[0m
I, [2016-05-16T23:43:40.933661 #13778]  INFO -- : Migrating to AddAttachmentPhotoToPoliticos (20160509214237)
D, [2016-05-16T23:43:40.939479 #13778] DEBUG -- :   [1m[35m (0.1ms)[0m  begin transaction
D, [2016-05-16T23:43:40.948899 #13778] DEBUG -- :   [1m[36m (8.9ms)[0m  [1mALTER TABLE "politicos" ADD "photo_file_name" varchar[0m
D, [2016-05-16T23:43:40.949285 #13778] DEBUG -- :   [1m[35m (0.2ms)[0m  ALTER TABLE "politicos" ADD "photo_content_type" varchar
D, [2016-05-16T23:43:40.949664 #13778] DEBUG -- :   [1m[36m (0.2ms)[0m  [1mALTER TABLE "politicos" ADD "photo_file_size" integer[0m
D, [2016-05-16T23:43:40.949976 #13778] DEBUG -- :   [1m[35m (0.2ms)[0m  ALTER TABLE "politicos" ADD "photo_updated_at" datetime
D, [2016-05-16T23:43:40.951380 #13778] DEBUG -- :   [1m[36mSQL (0.8ms)[0m  [1mINSERT INTO "schema_migrations" ("version") VALUES (?)[0m  [["version", "20160509214237"]]
D, [2016-05-16T23:43:40.960680 #13778] DEBUG -- :   [1m[35m (9.1ms)[0m  commit transaction
I, [2016-05-16T23:43:40.960801 #13778]  INFO -- : Migrating to AddAttachmentPhotoToPartidos (20160509214247)
D, [2016-05-16T23:43:40.962596 #13778] DEBUG -- :   [1m[36m (0.1ms)[0m  [1mbegin transaction[0m
D, [2016-05-16T23:43:40.963403 #13778] DEBUG -- :   [1m[35m (0.4ms)[0m  ALTER TABLE "partidos" ADD "photo_file_name" varchar
D, [2016-05-16T23:43:40.965940 #13778] DEBUG -- :   [1m[36m (2.4ms)[0m  [1mALTER TABLE "partidos" ADD "photo_content_type" varchar[0m
D, [2016-05-16T23:43:40.966268 #13778] DEBUG -- :   [1m[35m (0.2ms)[0m  ALTER TABLE "partidos" ADD "photo_file_size" integer
D, [2016-05-16T23:43:40.966603 #13778] DEBUG -- :   [1m[36m (0.2ms)[0m  [1mALTER TABLE "partidos" ADD "photo_updated_at" datetime[0m
D, [2016-05-16T23:43:40.967389 #13778] DEBUG -- :   [1m[35mSQL (0.1ms)[0m  INSERT INTO "schema_migrations" ("version") VALUES (?)  [["version", "20160509214247"]]
D, [2016-05-16T23:43:40.977388 #13778] DEBUG -- :   [1m[36m (9.8ms)[0m  [1mcommit transaction[0m
I, [2016-05-16T23:43:40.977465 #13778]  INFO -- : Migrating to AddAttachmentPhotoToAcontecimentos (20160509214304)
D, [2016-05-16T23:43:40.978309 #13778] DEBUG -- :   [1m[35m (0.1ms)[0m  begin transaction
D, [2016-05-16T23:43:40.979094 #13778] DEBUG -- :   [1m[36m (0.4ms)[0m  [1mALTER TABLE "acontecimentos" ADD "photo_file_name" varchar[0m
D, [2016-05-16T23:43:40.979512 #13778] DEBUG -- :   [1m[35m (0.2ms)[0m  ALTER TABLE "acontecimentos" ADD "photo_content_type" varchar
D, [2016-05-16T23:43:40.979884 #13778] DEBUG -- :   [1m[36m (0.2ms)[0m  [1mALTER TABLE "acontecimentos" ADD "photo_file_size" integer[0m
D, [2016-05-16T23:43:40.980256 #13778] DEBUG -- :   [1m[35m (0.2ms)[0m  ALTER TABLE "acontecimentos" ADD "photo_updated_at" datetime
D, [2016-05-16T23:43:40.981270 #13778] DEBUG -- :   [1m[36mSQL (0.1ms)[0m  [1mINSERT INTO "schema_migrations" ("version") VALUES (?)[0m  [["version", "20160509214304"]]
D, [2016-05-16T23:43:40.989899 #13778] DEBUG -- :   [1m[35m (8.4ms)[0m  commit transaction
I, [2016-05-16T23:43:40.989973 #13778]  INFO -- : Migrating to AddAttachmentPhotoToUsers (20160509214315)
D, [2016-05-16T23:43:40.990617 #13778] DEBUG -- :   [1m[36m (0.1ms)[0m  [1mbegin transaction[0m
D, [2016-05-16T23:43:40.991492 #13778] DEBUG -- :   [1m[35m (0.4ms)[0m  ALTER TABLE "users" ADD "photo_file_name" varchar
D, [2016-05-16T23:43:40.991882 #13778] DEBUG -- :   [1m[36m (0.2ms)[0m  [1mALTER TABLE "users" ADD "photo_content_type" varchar[0m
D, [2016-05-16T23:43:40.992274 #13778] DEBUG -- :   [1m[35m (0.2ms)[0m  ALTER TABLE "users" ADD "photo_file_size" integer
D, [2016-05-16T23:43:40.992698 #13778] DEBUG -- :   [1m[36m (0.2ms)[0m  [1mALTER TABLE "users" ADD "photo_updated_at" datetime[0m
D, [2016-05-16T23:43:40.993564 #13778] DEBUG -- :   [1m[35mSQL (0.1ms)[0m  INSERT INTO "schema_migrations" ("version") VALUES (?)  [["version", "20160509214315"]]
D, [2016-05-16T23:43:41.004333 #13778] DEBUG -- :   [1m[36m (10.5ms)[0m  [1mcommit transaction[0m
I, [2016-05-16T23:43:41.004419 #13778]  INFO -- : Migrating to CreateComentarios (20160512182018)
D, [2016-05-16T23:43:41.005044 #13778] DEBUG -- :   [1m[35m (0.1ms)[0m  begin transaction
D, [2016-05-16T23:43:41.005992 #13778] DEBUG -- :   [1m[36m (0.4ms)[0m  [1mCREATE TABLE "comentarios" ("id" INTEGER PRIMARY KEY AUTOINCREMENT NOT NULL, "mensagem" varchar, "created_at" datetime NOT NULL, "updated_at" datetime NOT NULL) [0m
D, [2016-05-16T23:43:41.007044 #13778] DEBUG -- :   [1m[35mSQL (0.1ms)[0m  INSERT INTO "schema_migrations" ("version") VALUES (?)  [["version", "20160512182018"]]
D, [2016-05-16T23:43:41.017787 #13778] DEBUG -- :   [1m[36m (10.5ms)[0m  [1mcommit transaction[0m
I, [2016-05-16T23:43:41.017924 #13778]  INFO -- : Migrating to AddPoliticoToComentario (20160512182337)
D, [2016-05-16T23:43:41.018547 #13778] DEBUG -- :   [1m[35m (0.1ms)[0m  begin transaction
D, [2016-05-16T23:43:41.019202 #13778] DEBUG -- :   [1m[36m (0.3ms)[0m  [1mALTER TABLE "comentarios" ADD "politico_id" integer[0m
D, [2016-05-16T23:43:41.019823 #13778] DEBUG -- :   [1m[35m (0.2ms)[0m  CREATE  INDEX "index_comentarios_on_politico_id" ON "comentarios" ("politico_id")
D, [2016-05-16T23:43:41.020716 #13778] DEBUG -- :   [1m[36mSQL (0.1ms)[0m  [1mINSERT INTO "schema_migrations" ("version") VALUES (?)[0m  [["version", "20160512182337"]]
D, [2016-05-16T23:43:41.052643 #13778] DEBUG -- :   [1m[35m (31.7ms)[0m  commit transaction
I, [2016-05-16T23:43:41.052794 #13778]  INFO -- : Migrating to AddUserToComentarios (20160512183754)
D, [2016-05-16T23:43:41.055424 #13778] DEBUG -- :   [1m[36m (1.0ms)[0m  [1mbegin transaction[0m
D, [2016-05-16T23:43:41.060551 #13778] DEBUG -- :   [1m[35m (4.7ms)[0m  ALTER TABLE "comentarios" ADD "user_id" integer
D, [2016-05-16T23:43:41.061093 #13778] DEBUG -- :   [1m[36m (0.1ms)[0m  [1m            SELECT sql
            FROM sqlite_master
            WHERE name='index_comentarios_on_politico_id' AND type='index'
            UNION ALL
            SELECT sql
            FROM sqlite_temp_master
            WHERE name='index_comentarios_on_politico_id' AND type='index'
[0m
D, [2016-05-16T23:43:41.061427 #13778] DEBUG -- :   [1m[35m (0.1ms)[0m  CREATE  INDEX "index_comentarios_on_user_id" ON "comentarios" ("user_id")
D, [2016-05-16T23:43:41.068214 #13778] DEBUG -- :   [1m[36mSQL (5.8ms)[0m  [1mINSERT INTO "schema_migrations" ("version") VALUES (?)[0m  [["version", "20160512183754"]]
D, [2016-05-16T23:43:41.080073 #13778] DEBUG -- :   [1m[35m (11.6ms)[0m  commit transaction
I, [2016-05-16T23:43:41.080183 #13778]  INFO -- : Migrating to AddUserToPoliticos (20160513004149)
D, [2016-05-16T23:43:41.089334 #13778] DEBUG -- :   [1m[36m (4.0ms)[0m  [1mbegin transaction[0m
D, [2016-05-16T23:43:41.104780 #13778] DEBUG -- :   [1m[35m (15.0ms)[0m  ALTER TABLE "politicos" ADD "user_id" integer
D, [2016-05-16T23:43:41.105354 #13778] DEBUG -- :   [1m[36m (0.1ms)[0m  [1m            SELECT sql
            FROM sqlite_master
            WHERE name='index_politicos_on_partido_id' AND type='index'
            UNION ALL
            SELECT sql
            FROM sqlite_temp_master
            WHERE name='index_politicos_on_partido_id' AND type='index'
[0m
D, [2016-05-16T23:43:41.105843 #13778] DEBUG -- :   [1m[35m (0.2ms)[0m  CREATE  INDEX "index_politicos_on_user_id" ON "politicos" ("user_id")
D, [2016-05-16T23:43:41.107365 #13778] DEBUG -- :   [1m[36mSQL (0.7ms)[0m  [1mINSERT INTO "schema_migrations" ("version") VALUES (?)[0m  [["version", "20160513004149"]]
D, [2016-05-16T23:43:41.117077 #13778] DEBUG -- :   [1m[35m (9.5ms)[0m  commit transaction
I, [2016-05-16T23:43:41.117151 #13778]  INFO -- : Migrating to RemoveUserToPoliticos (20160513004340)
D, [2016-05-16T23:43:41.118971 #13778] DEBUG -- :   [1m[36m (0.1ms)[0m  [1mbegin transaction[0m
D, [2016-05-16T23:43:41.120432 #13778] DEBUG -- :   [1m[35m (0.3ms)[0m  CREATE TEMPORARY TABLE "apoliticos" ("id" INTEGER PRIMARY KEY AUTOINCREMENT NOT NULL, "nome" varchar, "idade" integer, "estado" varchar, "cidade" varchar, "municipio" varchar, "partido_id" integer, "cargo_eleito" varchar, "cargo_atual" varchar, "status" varchar, "created_at" datetime NOT NULL, "updated_at" datetime NOT NULL, "photo_file_name" varchar, "photo_content_type" varchar, "photo_file_size" integer, "photo_updated_at" datetime, "user_id" integer) 
D, [2016-05-16T23:43:41.120753 #13778] DEBUG -- :   [1m[36m (0.1ms)[0m  [1m            SELECT sql
            FROM sqlite_master
            WHERE name='index_politicos_on_user_id' AND type='index'
            UNION ALL
            SELECT sql
            FROM sqlite_temp_master
            WHERE name='index_politicos_on_user_id' AND type='index'
[0m
D, [2016-05-16T23:43:41.121052 #13778] DEBUG -- :   [1m[35m (0.1ms)[0m              SELECT sql
            FROM sqlite_master
            WHERE name='index_politicos_on_partido_id' AND type='index'
            UNION ALL
            SELECT sql
            FROM sqlite_temp_master
            WHERE name='index_politicos_on_partido_id' AND type='index'

D, [2016-05-16T23:43:41.122083 #13778] DEBUG -- :   [1m[36m (0.1ms)[0m  [1mCREATE  INDEX "tindex_apoliticos_on_user_id" ON "apoliticos" ("user_id")[0m
D, [2016-05-16T23:43:41.122766 #13778] DEBUG -- :   [1m[35m (0.2ms)[0m  CREATE  INDEX "tindex_apoliticos_on_partido_id" ON "apoliticos" ("partido_id")
D, [2016-05-16T23:43:41.123529 #13778] DEBUG -- :   [1m[36m (0.1ms)[0m  [1mSELECT * FROM "politicos"[0m
D, [2016-05-16T23:43:41.123928 #13778] DEBUG -- :   [1m[35m (0.3ms)[0m  DROP TABLE "politicos"
D, [2016-05-16T23:43:41.126111 #13778] DEBUG -- :   [1m[36m (0.2ms)[0m  [1mCREATE TABLE "politicos" ("id" INTEGER PRIMARY KEY AUTOINCREMENT NOT NULL, "nome" varchar, "idade" integer, "estado" varchar, "cidade" varchar, "municipio" varchar, "partido_id" integer, "cargo_eleito" varchar, "cargo_atual" varchar, "status" varchar, "created_at" datetime NOT NULL, "updated_at" datetime NOT NULL, "photo_file_name" varchar, "photo_content_type" varchar, "photo_file_size" integer, "photo_updated_at" datetime) [0m
D, [2016-05-16T23:43:41.126496 #13778] DEBUG -- :   [1m[35m (0.1ms)[0m              SELECT sql
            FROM sqlite_master
            WHERE name='tindex_apoliticos_on_partido_id' AND type='index'
            UNION ALL
            SELECT sql
            FROM sqlite_temp_master
            WHERE name='tindex_apoliticos_on_partido_id' AND type='index'

D, [2016-05-16T23:43:41.126807 #13778] DEBUG -- :   [1m[36m (0.1ms)[0m  [1m            SELECT sql
            FROM sqlite_master
            WHERE name='tindex_apoliticos_on_user_id' AND type='index'
            UNION ALL
            SELECT sql
            FROM sqlite_temp_master
            WHERE name='tindex_apoliticos_on_user_id' AND type='index'
[0m
D, [2016-05-16T23:43:41.127717 #13778] DEBUG -- :   [1m[35m (0.3ms)[0m  CREATE  INDEX "index_politicos_on_partido_id" ON "politicos" ("partido_id")
D, [2016-05-16T23:43:41.128638 #13778] DEBUG -- :   [1m[36m (0.1ms)[0m  [1mSELECT * FROM "apoliticos"[0m
D, [2016-05-16T23:43:41.129000 #13778] DEBUG -- :   [1m[35m (0.3ms)[0m  DROP TABLE "apoliticos"
D, [2016-05-16T23:43:41.130150 #13778] DEBUG -- :   [1m[36mSQL (0.2ms)[0m  [1mINSERT INTO "schema_migrations" ("version") VALUES (?)[0m  [["version", "20160513004340"]]
D, [2016-05-16T23:43:41.150890 #13778] DEBUG -- :   [1m[35m (20.5ms)[0m  commit transaction
I, [2016-05-16T23:43:41.151042 #13778]  INFO -- : Migrating to AddDescricaoToPoliticos (20160516203255)
D, [2016-05-16T23:43:41.152951 #13778] DEBUG -- :   [1m[36m (0.1ms)[0m  [1mbegin transaction[0m
D, [2016-05-16T23:43:41.154056 #13778] DEBUG -- :   [1m[35m (0.8ms)[0m  ALTER TABLE "politicos" ADD "descricao" varchar
D, [2016-05-16T23:43:41.155643 #13778] DEBUG -- :   [1m[36mSQL (0.8ms)[0m  [1mINSERT INTO "schema_migrations" ("version") VALUES (?)[0m  [["version", "20160516203255"]]
D, [2016-05-16T23:43:41.165268 #13778] DEBUG -- :   [1m[35m (9.4ms)[0m  commit transaction
I, [2016-05-16T23:43:41.165350 #13778]  INFO -- : Migrating to AddViceToPoliticos (20160516211242)
D, [2016-05-16T23:43:41.166188 #13778] DEBUG -- :   [1m[36m (0.1ms)[0m  [1mbegin transaction[0m
D, [2016-05-16T23:43:41.166922 #13778] DEBUG -- :   [1m[35m (0.5ms)[0m  ALTER TABLE "politicos" ADD "vice" varchar
D, [2016-05-16T23:43:41.167815 #13778] DEBUG -- :   [1m[36mSQL (0.1ms)[0m  [1mINSERT INTO "schema_migrations" ("version") VALUES (?)[0m  [["version", "20160516211242"]]
D, [2016-05-16T23:43:41.177256 #13778] DEBUG -- :   [1m[35m (9.2ms)[0m  commit transaction
